core/ui/build/intermediates/manifest_merge_blame_file/debug/processDebugManifest/manifest-merger-blame-debug-report.txt
1<?xml version="1.0" encoding="utf-8"?>
2<manifest xmlns:android="http://schemas.android.com/apk/res/android"
3    package="br.com.pokedex.core.ui" >
4
5    <uses-sdk android:minSdkVersion="26" />
5-->INJECTED
5-->INJECTED
6
7</manifest>